/home/ahasan/projects/system-aware-mas/.venv/lib/python3.11/site-packages/class_registry/entry_points.py:7: UserWarning: pkg_resources is deprecated as an API. See https://setuptools.pypa.io/en/latest/pkg_resources.html. The pkg_resources package is slated for removal as early as 2025-11-30. Refrain from using this package or pin to Setuptools<81.
  from pkg_resources import iter_entry_points
usage: train_system_router_mbpp.py [-h] [--limit LIMIT] [--epochs EPOCHS]
                                   [--max-tokens MAX_TOKENS]
                                   [--request-timeout REQUEST_TIMEOUT]
                                   [--deterministic] [--seed SEED]
                                   [--log-episodes LOG_EPISODES]
                                   [--arrival-rate ARRIVAL_RATE]
                                   [--arrival-rates ARRIVAL_RATES]
                                   [--arrival-pattern ARRIVAL_PATTERN]
                                   [--arrival-patterns ARRIVAL_PATTERNS]
                                   [--concurrency CONCURRENCY]
                                   [--burst-duration BURST_DURATION]
                                   [--spike-intensity SPIKE_INTENSITY]
                                   [--spike-period SPIKE_PERIOD]
                                   [--checkpoint-dir CHECKPOINT_DIR]
                                   [--checkpoint-path CHECKPOINT_PATH]
                                   [--resume-checkpoint]
                                   [--checkpoint-every CHECKPOINT_EVERY]
                                   [--telemetry-csv TELEMETRY_CSV]
                                   [--run-id RUN_ID]
train_system_router_mbpp.py: error: unrecognized arguments:  
/home/ahasan/projects/system-aware-mas/.venv/lib/python3.11/site-packages/class_registry/entry_points.py:7: UserWarning: pkg_resources is deprecated as an API. See https://setuptools.pypa.io/en/latest/pkg_resources.html. The pkg_resources package is slated for removal as early as 2025-11-30. Refrain from using this package or pin to Setuptools<81.
  from pkg_resources import iter_entry_points
usage: train_system_router_mbpp.py [-h] [--limit LIMIT] [--epochs EPOCHS]
                                   [--max-tokens MAX_TOKENS]
                                   [--request-timeout REQUEST_TIMEOUT]
                                   [--deterministic] [--seed SEED]
                                   [--log-episodes LOG_EPISODES]
                                   [--arrival-rate ARRIVAL_RATE]
                                   [--arrival-rates ARRIVAL_RATES]
                                   [--arrival-pattern ARRIVAL_PATTERN]
                                   [--arrival-patterns ARRIVAL_PATTERNS]
                                   [--concurrency CONCURRENCY]
                                   [--burst-duration BURST_DURATION]
                                   [--spike-intensity SPIKE_INTENSITY]
                                   [--spike-period SPIKE_PERIOD]
                                   [--checkpoint-dir CHECKPOINT_DIR]
                                   [--checkpoint-path CHECKPOINT_PATH]
                                   [--resume-checkpoint]
                                   [--checkpoint-every CHECKPOINT_EVERY]
                                   [--telemetry-csv TELEMETRY_CSV]
                                   [--run-id RUN_ID]
train_system_router_mbpp.py: error: unrecognized arguments:  
